[ 50%] [32mBuilding CXX object CMakeFiles/pid.dir/src/pid.cpp.o[0m
[01m[K/workspaces/ros2project/src/pid2/src/pid.cpp:80:9:[m[K [01;31m[Kerror: [m[Kâ€˜[01m[Kcurrent_speed[m[Kâ€™ does not name a type
   80 |         [01;31m[Kcurrent_speed[m[K = 0.8 * current_speed + 0.2 * raw_speed;
      |         [01;31m[K^~~~~~~~~~~~~[m[K
[01m[K/workspaces/ros2project/src/pid2/src/pid.cpp:81:9:[m[K [01;31m[Kerror: [m[Kâ€˜[01m[Kerror_speed[m[Kâ€™ does not name a type
   81 |         [01;31m[Kerror_speed[m[K=target_speed-current_speed;
      |         [01;31m[K^~~~~~~~~~~[m[K
[01m[K/workspaces/ros2project/src/pid2/src/pid.cpp:82:9:[m[K [01;31m[Kerror: [m[Kâ€˜[01m[Kintegral_speed[m[Kâ€™ does not name a type
   82 |         [01;31m[Kintegral_speed[m[K +=error_speed * dt;
      |         [01;31m[K^~~~~~~~~~~~~~[m[K
[01m[K/workspaces/ros2project/src/pid2/src/pid.cpp:83:9:[m[K [01;31m[Kerror: [m[Kâ€˜[01m[Kderivative_speed[m[Kâ€™ does not name a type
   83 |         [01;31m[Kderivative_speed[m[K = (error_speed - last_error_speed) / dt;
      |         [01;31m[K^~~~~~~~~~~~~~~~[m[K
[01m[K/workspaces/ros2project/src/pid2/src/pid.cpp:84:9:[m[K [01;31m[Kerror: [m[Kâ€˜[01m[Koutput_speed[m[Kâ€™ does not name a type
   84 |         [01;31m[Koutput_speed[m[K = kp_speed * error_speed + ki_speed * integral_speed + kd_speed * derivative_speed;
      |         [01;31m[K^~~~~~~~~~~~[m[K
[01m[K/workspaces/ros2project/src/pid2/src/pid.cpp:87:9:[m[K [01;31m[Kerror: [m[Kâ€˜[01m[Kcontrol_msg[m[Kâ€™ does not name a type
   87 |         [01;31m[Kcontrol_msg[m[K.data = output_speed;
      |         [01;31m[K^~~~~~~~~~~[m[K
[01m[K/workspaces/ros2project/src/pid2/src/pid.cpp:88:9:[m[K [01;31m[Kerror: [m[Kâ€˜[01m[Kcontrol_pub_[m[Kâ€™ does not name a type
   88 |         [01;31m[Kcontrol_pub_[m[K->publish(control_msg);
      |         [01;31m[K^~~~~~~~~~~~[m[K
[01m[K/workspaces/ros2project/src/pid2/src/pid.cpp:93:9:[m[K [01;31m[Kerror: [m[Kâ€˜[01m[Klast_error_angle[m[Kâ€™ does not name a type
   93 |         [01;31m[Klast_error_angle[m[K = error_angle;
      |         [01;31m[K^~~~~~~~~~~~~~~~[m[K
[01m[K/workspaces/ros2project/src/pid2/src/pid.cpp:94:9:[m[K [01;31m[Kerror: [m[Kâ€˜[01m[Klast_error_speed[m[Kâ€™ does not name a type
   94 |         [01;31m[Klast_error_speed[m[K=error_speed;
      |         [01;31m[K^~~~~~~~~~~~~~~~[m[K
[01m[K/workspaces/ros2project/src/pid2/src/pid.cpp:95:9:[m[K [01;31m[Kerror: [m[Kâ€˜[01m[Klast_time[m[Kâ€™ does not name a type
   95 |         [01;31m[Klast_time[m[K = current_time;
      |         [01;31m[K^~~~~~~~~[m[K
[01m[K/workspaces/ros2project/src/pid2/src/pid.cpp:96:9:[m[K [01;31m[Kerror: [m[Kâ€˜[01m[Klast_output_speed[m[Kâ€™ does not name a type
   96 |         [01;31m[Klast_output_speed[m[K=output_speed;
      |         [01;31m[K^~~~~~~~~~~~~~~~~[m[K
[01m[K/workspaces/ros2project/src/pid2/src/pid.cpp:97:9:[m[K [01;31m[Kerror: [m[Kâ€˜[01m[Klast_angle[m[Kâ€™ does not name a type
   97 |         [01;31m[Klast_angle[m[K=current_angle;
      |         [01;31m[K^~~~~~~~~~[m[K
[01m[K/workspaces/ros2project/src/pid2/src/pid.cpp:79:29:[m[K [01;31m[Kerror: [m[Kâ€˜[01m[Kfiltered_value_[m[Kâ€™ was not declared in this scope
   79 |  double raw_speed = ([01;31m[Kfiltered_value_[m[K - last_angle) / dt;
      |                      [01;31m[K^~~~~~~~~~~~~~~[m[K

[01m[K/workspaces/ros2project/src/pid2/src/pid.cpp:79:47:[m[K [01;31m[Kerror: [m[Kâ€˜[01m[Klast_angle[m[Kâ€™ was not declared in this scope
   79 | = (filtered_value_ - [01;31m[Klast_angle[m[K) / dt;
      |                      [01;31m[K^~~~~~~~~~[m[K

[01m[K/workspaces/ros2project/src/pid2/src/pid.cpp:79:61:[m[K [01;31m[Kerror: [m[Kâ€˜[01m[Kdt[m[Kâ€™ was not declared in this scope
   79 | tered_value_ - last_angle) / [01;31m[Kdt[m[K;
      |                              [01;31m[K^~[m[K

[01m[K/workspaces/ros2project/src/pid2/src/pid.cpp:[m[K In constructor â€˜[01m[KMotorPID::[01;32m[KMotorPID[m[K()[m[Kâ€™:
[01m[K/workspaces/ros2project/src/pid2/src/pid.cpp:13:9:[m[K [01;31m[Kerror: [m[Kâ€˜[01m[Kkp_angle[m[Kâ€™ was not declared in this scope
   13 |         [01;31m[Kkp_angle[m[K = 0.5;
      |         [01;31m[K^~~~~~~~[m[K
[01m[K/workspaces/ros2project/src/pid2/src/pid.cpp:14:9:[m[K [01;31m[Kerror: [m[Kâ€˜[01m[Kki_angle[m[Kâ€™ was not declared in this scope
   14 |         [01;31m[Kki_angle[m[K = 0.00;
      |         [01;31m[K^~~~~~~~[m[K
[01m[K/workspaces/ros2project/src/pid2/src/pid.cpp:15:9:[m[K [01;31m[Kerror: [m[Kâ€˜[01m[Kkd_angle[m[Kâ€™ was not declared in this scope
   15 |         [01;31m[Kkd_angle[m[K = 0.0001;
      |         [01;31m[K^~~~~~~~[m[K
[01m[K/workspaces/ros2project/src/pid2/src/pid.cpp:16:9:[m[K [01;31m[Kerror: [m[Kâ€˜[01m[Kkp_speed[m[Kâ€™ was not declared in this scope; did you mean â€˜[01m[Kraw_speed[m[Kâ€™?
   16 |         [01;31m[Kkp_speed[m[K=0.5;
      |         [01;31m[K^~~~~~~~[m[K
      |         [32m[Kraw_speed[m[K
[01m[K/workspaces/ros2project/src/pid2/src/pid.cpp:17:9:[m[K [01;31m[Kerror: [m[Kâ€˜[01m[Kki_speed[m[Kâ€™ was not declared in this scope; did you mean â€˜[01m[Kraw_speed[m[Kâ€™?
   17 |         [01;31m[Kki_speed[m[K=0.00;
      |         [01;31m[K^~~~~~~~[m[K
      |         [32m[Kraw_speed[m[K
[01m[K/workspaces/ros2project/src/pid2/src/pid.cpp:18:9:[m[K [01;31m[Kerror: [m[Kâ€˜[01m[Kkd_speed[m[Kâ€™ was not declared in this scope; did you mean â€˜[01m[Kraw_speed[m[Kâ€™?
   18 |         [01;31m[Kkd_speed[m[K=0.0001;
      |         [01;31m[K^~~~~~~~[m[K
      |         [32m[Kraw_speed[m[K
[01m[K/workspaces/ros2project/src/pid2/src/pid.cpp:20:9:[m[K [01;31m[Kerror: [m[Kâ€˜[01m[Ktarget_angle[m[Kâ€™ was not declared in this scope
   20 |         [01;31m[Ktarget_angle[m[K = 0.3*M_PI;
      |         [01;31m[K^~~~~~~~~~~~[m[K
[01m[K/workspaces/ros2project/src/pid2/src/pid.cpp:22:9:[m[K [01;31m[Kerror: [m[Kâ€˜[01m[Kvelocity_sub_[m[Kâ€™ was not declared in this scope
   22 |         [01;31m[Kvelocity_sub_[m[K = this->create_subscription<std_msgs::msg::Float64>(
      |         [01;31m[K^~~~~~~~~~~~~[m[K
[01m[K/workspaces/ros2project/src/pid2/src/pid.cpp:26:9:[m[K [01;31m[Kerror: [m[Kâ€˜[01m[Kcontrol_pub_[m[Kâ€™ was not declared in this scope; did you mean â€˜[01m[Kcontrol_msg[m[Kâ€™?
   26 |         [01;31m[Kcontrol_pub_[m[K = this->create_publisher<std_msgs::msg::Float64>(
      |         [01;31m[K^~~~~~~~~~~~[m[K
      |         [32m[Kcontrol_msg[m[K
[01m[K/workspaces/ros2project/src/pid2/src/pid.cpp:[m[K In member function â€˜[01m[Kvoid MotorPID::[01;32m[Kvelocity_callback[m[K(std_msgs::msg::Float64_<std::allocator<void> >::SharedPtr)[m[Kâ€™:
[01m[K/workspaces/ros2project/src/pid2/src/pid.cpp:39:9:[m[K [01;31m[Kerror: [m[Kâ€˜[01m[Kdata_buffer_[m[Kâ€™ was not declared in this scope
   39 |         [01;31m[Kdata_buffer_[m[K.push_back(new_value);
      |         [01;31m[K^~~~~~~~~~~~[m[K
[01m[K/workspaces/ros2project/src/pid2/src/pid.cpp:40:35:[m[K [01;31m[Kerror: [m[Kâ€˜[01m[Kwindow_size_[m[Kâ€™ was not declared in this scope
   40 | ata_buffer_.size() > [01;31m[Kwindow_size_[m[K) {
      |                      [01;31m[K^~~~~~~~~~~~[m[K

[01m[K/workspaces/ros2project/src/pid2/src/pid.cpp:43:36:[m[K [01;31m[Kerror: [m[Kâ€˜[01m[Kwindow_size_[m[Kâ€™ was not declared in this scope
   43 | ta_buffer_.size() == [01;31m[Kwindow_size_[m[K) {
      |                      [01;31m[K^~~~~~~~~~~~[m[K

[01m[K/workspaces/ros2project/src/pid2/src/pid.cpp:48:13:[m[K [01;31m[Kerror: [m[Kâ€˜[01m[Kmedian_msg[m[Kâ€™ was not declared in this scope; did you mean â€˜[01m[Kmedian[m[Kâ€™?
   48 |             [01;31m[Kmedian_msg[m[K.data = median;
      |             [01;31m[K^~~~~~~~~~[m[K
      |             [32m[Kmedian[m[K
[01m[K/workspaces/ros2project/src/pid2/src/pid.cpp:53:9:[m[K [01;31m[Kerror: [m[Kâ€˜[01m[Kfiltered_value_[m[Kâ€™ was not declared in this scope
   53 |         [01;31m[Kfiltered_value_[m[K = alpha_ * median_msg.data + (1 - alpha_) * filtered_value_;
      |         [01;31m[K^~~~~~~~~~~~~~~[m[K
[01m[K/workspaces/ros2project/src/pid2/src/pid.cpp:53:27:[m[K [01;31m[Kerror: [m[Kâ€˜[01m[Kalpha_[m[Kâ€™ was not declared in this scope; did you mean â€˜[01m[Kisalpha_l[m[Kâ€™?
   53 |    filtered_value_ = [01;31m[Kalpha_[m[K * median_msg.data + (1 - alpha_) * filtered_value_;
      |                      [01;31m[K^~~~~~[m[K
      |                      [32m[Kisalpha_l[m[K
[01m[K/workspaces/ros2project/src/pid2/src/pid.cpp:53:36:[m[K [01;31m[Kerror: [m[Kâ€˜[01m[Kmedian_msg[m[Kâ€™ was not declared in this scope
   53 | ed_value_ = alpha_ * [01;31m[Kmedian_msg[m[K.data + (1 - alpha_) * filtered_value_;
      |                      [01;31m[K^~~~~~~~~~[m[K

[01m[K/workspaces/ros2project/src/pid2/src/pid.cpp:54:9:[m[K [01;31m[Kerror: [m[Kâ€˜[01m[Klowpass_msg[m[Kâ€™ was not declared in this scope
   54 |         [01;31m[Klowpass_msg[m[K.data = filtered_value_;
      |         [01;31m[K^~~~~~~~~~~[m[K
[01m[K/workspaces/ros2project/src/pid2/src/pid.cpp:59:9:[m[K [01;31m[Kerror: [m[Kâ€˜[01m[Kcurrent_time[m[Kâ€™ was not declared in this scope
   59 |         [01;31m[Kcurrent_time[m[K = this->now().seconds();
      |         [01;31m[K^~~~~~~~~~~~[m[K
[01m[K/workspaces/ros2project/src/pid2/src/pid.cpp:60:9:[m[K [01;31m[Kerror: [m[Kâ€˜[01m[Kdt[m[Kâ€™ was not declared in this scope
   60 |         [01;31m[Kdt[m[K = current_time - last_time;
      |         [01;31m[K^~[m[K
[01m[K/workspaces/ros2project/src/pid2/src/pid.cpp:60:29:[m[K [01;31m[Kerror: [m[Kâ€˜[01m[Klast_time[m[Kâ€™ was not declared in this scope; did you mean â€˜[01m[Kasctime[m[Kâ€™?
   60 |   dt = current_time - [01;31m[Klast_time[m[K;
      |                       [01;31m[K^~~~~~~~~[m[K
      |                       [32m[Kasctime[m[K
[01m[K/workspaces/ros2project/src/pid2/src/pid.cpp:67:9:[m[K [01;31m[Kerror: [m[Kâ€˜[01m[Kcurrent_angle[m[Kâ€™ was not declared in this scope
   67 |         [01;31m[Kcurrent_angle[m[K = lowpass_msg.data;
      |         [01;31m[K^~~~~~~~~~~~~[m[K
[01m[K/workspaces/ros2project/src/pid2/src/pid.cpp:69:9:[m[K [01;31m[Kerror: [m[Kâ€˜[01m[Kerror_angle[m[Kâ€™ was not declared in this scope
   69 |         [01;31m[Kerror_angle[m[K = std::atan2(std::sin(target_angle - current_angle),
      |         [01;31m[K^~~~~~~~~~~[m[K
[01m[K/workspaces/ros2project/src/pid2/src/pid.cpp:69:43:[m[K [01;31m[Kerror: [m[Kâ€˜[01m[Ktarget_angle[m[Kâ€™ was not declared in this scope
   69 |  std::atan2(std::sin([01;31m[Ktarget_angle[m[K - current_angle),
      |                      [01;31m[K^~~~~~~~~~~~[m[K

[01m[K/workspaces/ros2project/src/pid2/src/pid.cpp:69:58:[m[K [01;31m[Kerror: [m[Kâ€˜[01m[Kcurrent_angle[m[Kâ€™ was not declared in this scope
   69 | ::sin(target_angle - [01;31m[Kcurrent_angle[m[K),
      |                      [01;31m[K^~~~~~~~~~~~~[m[K

[01m[K/workspaces/ros2project/src/pid2/src/pid.cpp:71:9:[m[K [01;31m[Kerror: [m[Kâ€˜[01m[Kintegral_angle[m[Kâ€™ was not declared in this scope
   71 |         [01;31m[Kintegral_angle[m[K += error_angle * dt;
      |         [01;31m[K^~~~~~~~~~~~~~[m[K
[01m[K/workspaces/ros2project/src/pid2/src/pid.cpp:72:9:[m[K [01;31m[Kerror: [m[Kâ€˜[01m[Kderivative_angle[m[Kâ€™ was not declared in this scope
   72 |         [01;31m[Kderivative_angle[m[K = (error_angle - last_error_angle) / dt;
      |         [01;31m[K^~~~~~~~~~~~~~~~[m[K
[01m[K/workspaces/ros2project/src/pid2/src/pid.cpp:72:43:[m[K [01;31m[Kerror: [m[Kâ€˜[01m[Klast_error_angle[m[Kâ€™ was not declared in this scope
   72 | gle = (error_angle - [01;31m[Klast_error_angle[m[K) / dt;
      |                      [01;31m[K^~~~~~~~~~~~~~~~[m[K

[01m[K/workspaces/ros2project/src/pid2/src/pid.cpp:73:9:[m[K [01;31m[Kerror: [m[Kâ€˜[01m[Ktarget_speed[m[Kâ€™ was not declared in this scope
   73 |         [01;31m[Ktarget_speed[m[K = kp_angle * error_angle + ki_angle * integral_angle + kd_angle * derivative_angle;
      |         [01;31m[K^~~~~~~~~~~~[m[K
[01m[K/workspaces/ros2project/src/pid2/src/pid.cpp:73:24:[m[K [01;31m[Kerror: [m[Kâ€˜[01m[Kkp_angle[m[Kâ€™ was not declared in this scope
   73 |       target_speed = [01;31m[Kkp_angle[m[K * error_angle + ki_angle * integral_angle + kd_angle * derivative_angle;
      |                      [01;31m[K^~~~~~~~[m[K

[01m[K/workspaces/ros2project/src/pid2/src/pid.cpp:73:49:[m[K [01;31m[Kerror: [m[Kâ€˜[01m[Kki_angle[m[Kâ€™ was not declared in this scope
   73 | ngle * error_angle + [01;31m[Kki_angle[m[K * integral_angle + kd_angle * derivative_angle;
      |                      [01;31m[K^~~~~~~~[m[K

[01m[K/workspaces/ros2project/src/pid2/src/pid.cpp:73:77:[m[K [01;31m[Kerror: [m[Kâ€˜[01m[Kkd_angle[m[Kâ€™ was not declared in this scope
   73 | e * integral_angle + [01;31m[Kkd_angle[m[K * derivative_angle;
      |                      [01;31m[K^~~~~~~~[m[K

[01m[K/workspaces/ros2project/src/pid2/src/pid.cpp:[m[K At global scope:
[01m[K/workspaces/ros2project/src/pid2/src/pid.cpp:100:5:[m[K [01;31m[Kerror: [m[Kspecializing member â€˜[01m[Krclcpp::Subscription<std_msgs::msg::Float64_<std::allocator<void> >, std::allocator<void>, std_msgs::msg::Float64_<std::allocator<void> >, std_msgs::msg::Float64_<std::allocator<void> >, rclcpp::message_memory_strategy::MessageMemoryStrategy<std_msgs::msg::Float64_<std::allocator<void> >, std::allocator<void> > >::SharedPtr[m[Kâ€™ requires â€˜[01m[Ktemplate<>[m[Kâ€™ syntax
  100 |     [01;31m[Krclcpp[m[K::Subscription<std_msgs::msg::Float64>::SharedPtr velocity_sub_;
      |     [01;31m[K^~~~~~[m[K
[01m[K/workspaces/ros2project/src/pid2/src/pid.cpp:137:1:[m[K [01;31m[Kerror: [m[Kexpected declaration before â€˜[01m[K}[m[Kâ€™ token
  137 | [01;31m[K}[m[K;
      | [01;31m[K^[m[K
gmake[2]: *** [CMakeFiles/pid.dir/build.make:76: CMakeFiles/pid.dir/src/pid.cpp.o] Error 1
gmake[1]: *** [CMakeFiles/Makefile2:137: CMakeFiles/pid.dir/all] Error 2
gmake: *** [Makefile:146: all] Error 2
